2025-07-23 17:15:32,456 - fastapi_app - INFO - lifespan:17 - Starting up application...
2025-07-23 17:18:16,586 - fastapi_app - INFO - lifespan:17 - Starting up application...
2025-07-23 17:19:28,267 - fastapi_app - INFO - lifespan:17 - Starting up application...
2025-07-23 17:19:30,173 - fastapi_app - INFO - lifespan:17 - Starting up application...
2025-07-23 17:19:34,442 - fastapi_app - INFO - lifespan:17 - Starting up application...
2025-07-23 17:19:36,305 - fastapi_app - INFO - lifespan:17 - Starting up application...
2025-07-23 17:19:41,509 - fastapi_app - INFO - lifespan:17 - Starting up application...
2025-07-23 17:19:43,437 - fastapi_app - INFO - lifespan:17 - Starting up application...
2025-07-23 17:19:44,558 - fastapi_app - INFO - lifespan:17 - Starting up application...
2025-07-23 17:19:46,455 - fastapi_app - INFO - lifespan:17 - Starting up application...
2025-07-23 17:19:47,610 - fastapi_app - INFO - lifespan:17 - Starting up application...
2025-07-23 17:20:13,908 - fastapi_app - INFO - lifespan:17 - Starting up application...
2025-07-23 17:20:17,459 - fastapi_app - INFO - lifespan:17 - Starting up application...
2025-07-23 17:20:54,293 - fastapi_app - INFO - lifespan:17 - Starting up application...
2025-07-23 17:21:32,345 - fastapi_app - INFO - lifespan:33 - Shutting down application...
2025-07-23 17:21:33,406 - fastapi_app - INFO - lifespan:17 - Starting up application...
2025-07-23 17:21:41,692 - fastapi_app - INFO - lifespan:33 - Shutting down application...
2025-07-23 17:21:43,095 - fastapi_app - INFO - lifespan:17 - Starting up application...
2025-07-23 17:24:11,024 - fastapi_app - INFO - lifespan:17 - Starting up application...
2025-07-23 17:25:14,374 - fastapi_app - INFO - create_item:22 - Created item: string (ID: 1)
2025-07-23 17:29:36,080 - fastapi_app - INFO - create_item:22 - Created item: Solo (ID: 2)
2025-07-23 17:30:51,262 - fastapi_app - INFO - update_item:70 - Updated item: string (ID: 1)
2025-07-23 17:31:22,471 - fastapi_app - INFO - delete_item:88 - Deleted item: Solo (ID: 2)
2025-07-23 17:35:30,029 - fastapi_app - INFO - create_item:22 - Created item: Windows (ID: 2)
2025-07-23 17:35:56,168 - fastapi_app - INFO - create_item:22 - Created item: Linux (ID: 3)
2025-07-23 17:48:33,754 - fastapi_app - INFO - create_item:22 - Created item: Test Item (ID: 4)
2025-07-23 17:48:43,798 - fastapi_app - INFO - create_item:22 - Created item: Laptop (ID: 5)
2025-07-23 23:03:03,245 - fastapi_app - INFO - lifespan:17 - Starting up application...
2025-07-23 23:06:12,543 - fastapi_app - INFO - lifespan:17 - Starting up application...
2025-07-23 23:06:43,192 - fastapi_app - INFO - lifespan:17 - Starting up application...
2025-07-23 23:09:45,331 - fastapi_app - INFO - lifespan:17 - Starting up application...
2025-07-23 23:10:11,988 - fastapi_app - INFO - delete_item:88 - Deleted item: string (ID: 1)
2025-07-24 11:54:41,550 - fastapi_app - INFO - lifespan:17 - Starting up application...
2025-07-24 11:54:59,022 - fastapi_app - INFO - lifespan:33 - Shutting down application...
